c:\users\shop pc5\google drive\ray_tracer_project\ray_tracer_v0_0_1\ray_tracer_v0_0_1\x64\release\vc141.pdb
c:\users\shop pc5\google drive\ray_tracer_project\ray_tracer_v0_0_1\ray_tracer_v0_0_1\x64\release\vec3.obj
c:\users\shop pc5\google drive\ray_tracer_project\ray_tracer_v0_0_1\ray_tracer_v0_0_1\x64\release\ray_tracer_v0_0_1.obj
c:\users\shop pc5\google drive\ray_tracer_project\ray_tracer_v0_0_1\ray_tracer_v0_0_1\x64\release\ray.obj
c:\users\shop pc5\google drive\ray_tracer_project\ray_tracer_v0_0_1\ray_tracer_v0_0_1\x64\release\ray_tracer_v0_0_1.pch
c:\users\shop pc5\google drive\ray_tracer_project\ray_tracer_v0_0_1\ray_tracer_v0_0_1\x64\release\stdafx.obj
c:\users\shop pc5\google drive\ray_tracer_project\ray_tracer_v0_0_1\ray_tracer_v0_0_1\x64\release\hitable_list.obj
c:\users\shop pc5\google drive\ray_tracer_project\ray_tracer_v0_0_1\ray_tracer_v0_0_1\x64\release\hitable.obj
c:\users\shop pc5\google drive\ray_tracer_project\ray_tracer_v0_0_1\ray_tracer_v0_0_1\x64\release\sphere.obj
c:\users\shop pc5\google drive\ray_tracer_project\ray_tracer_v0_0_1\x64\release\ray_tracer_v0_0_1.exe
c:\users\shop pc5\google drive\ray_tracer_project\ray_tracer_v0_0_1\x64\release\ray_tracer_v0_0_1.pdb
c:\users\shop pc5\google drive\ray_tracer_project\ray_tracer_v0_0_1\x64\release\ray_tracer_v0_0_1.ipdb
c:\users\shop pc5\google drive\ray_tracer_project\ray_tracer_v0_0_1\x64\release\ray_tracer_v0_0_1.iobj
c:\users\shop pc5\google drive\ray_tracer_project\ray_tracer_v0_0_1\ray_tracer_v0_0_1\x64\release\ray_trac.79e2e2db.tlog\cl.command.1.tlog
c:\users\shop pc5\google drive\ray_tracer_project\ray_tracer_v0_0_1\ray_tracer_v0_0_1\x64\release\ray_trac.79e2e2db.tlog\cl.read.1.tlog
c:\users\shop pc5\google drive\ray_tracer_project\ray_tracer_v0_0_1\ray_tracer_v0_0_1\x64\release\ray_trac.79e2e2db.tlog\cl.write.1.tlog
c:\users\shop pc5\google drive\ray_tracer_project\ray_tracer_v0_0_1\ray_tracer_v0_0_1\x64\release\ray_trac.79e2e2db.tlog\link.command.1.tlog
c:\users\shop pc5\google drive\ray_tracer_project\ray_tracer_v0_0_1\ray_tracer_v0_0_1\x64\release\ray_trac.79e2e2db.tlog\link.read.1.tlog
c:\users\shop pc5\google drive\ray_tracer_project\ray_tracer_v0_0_1\ray_tracer_v0_0_1\x64\release\ray_trac.79e2e2db.tlog\link.write.1.tlog
c:\users\shop pc5\google drive\ray_tracer_project\ray_tracer_v0_0_1\ray_tracer_v0_0_1\x64\release\ray_trac.79e2e2db.tlog\ray_tracer_v0_0_1.write.1u.tlog
